000 (92453758.000.000) 03/19 14:15:32 Job submitted from host: <128.83.130.186:39519>
...
001 (92453758.000.000) 03/19 14:15:45 Job executing on host: <128.83.120.250:57813>
...
002 (92453758.000.000) 03/19 14:15:45 (1) Job not properly linked for Condor.
...
009 (92453758.000.000) 03/19 14:15:45 Job was aborted by the user.
...
000 (92453760.000.000) 03/19 14:18:34 Job submitted from host: <128.83.130.186:39519>
...
001 (92453760.000.000) 03/19 14:18:48 Job executing on host: <128.83.144.22:38298>
...
002 (92453760.000.000) 03/19 14:18:48 (1) Job not properly linked for Condor.
...
009 (92453760.000.000) 03/19 14:18:48 Job was aborted by the user.
...
000 (92453762.000.000) 03/19 14:18:57 Job submitted from host: <128.83.130.186:39519>
...
001 (92453762.000.000) 03/19 14:19:19 Job executing on host: <128.83.144.22:38298>
...
002 (92453762.000.000) 03/19 14:19:19 (1) Job not properly linked for Condor.
...
009 (92453762.000.000) 03/19 14:19:19 Job was aborted by the user.
...
000 (92453776.000.000) 03/19 14:30:33 Job submitted from host: <128.83.130.186:39519>
...
001 (92453776.000.000) 03/19 14:31:02 Job executing on host: <128.83.130.161:44432>
...
007 (92453776.000.000) 03/19 14:31:02 Shadow exception!
	Unable to talk to job: disconnected

	0  -  Run Bytes Sent By Job
	0  -  Run Bytes Received By Job
...
001 (92453776.000.000) 03/19 14:31:02 Job executing on host: <128.83.130.161:44432>
...
007 (92453776.000.000) 03/19 14:31:02 Shadow exception!
	Unable to talk to job: disconnected

	0  -  Run Bytes Sent By Job
	0  -  Run Bytes Received By Job
...
001 (92453776.000.000) 03/19 14:31:03 Job executing on host: <128.83.130.161:44432>
...
007 (92453776.000.000) 03/19 14:31:03 Shadow exception!
	Unable to talk to job: disconnected

	0  -  Run Bytes Sent By Job
	0  -  Run Bytes Received By Job
...
001 (92453776.000.000) 03/19 14:31:03 Job executing on host: <128.83.130.161:44432>
...
007 (92453776.000.000) 03/19 14:31:03 Shadow exception!
	Unable to talk to job: disconnected

	0  -  Run Bytes Sent By Job
	0  -  Run Bytes Received By Job
...
001 (92453776.000.000) 03/19 14:31:03 Job executing on host: <128.83.130.161:44432>
...
007 (92453776.000.000) 03/19 14:31:03 Shadow exception!
	Unable to talk to job: disconnected

	0  -  Run Bytes Sent By Job
	0  -  Run Bytes Received By Job
...
001 (92453776.000.000) 03/19 14:32:06 Job executing on host: <128.83.139.231:46393>
...
002 (92453776.000.000) 03/19 14:32:06 (1) Job not properly linked for Condor.
...
009 (92453776.000.000) 03/19 14:32:07 Job was aborted by the user.
...
000 (92453793.000.000) 03/19 14:40:17 Job submitted from host: <128.83.130.186:39519>
...
001 (92453793.000.000) 03/19 14:40:52 Job executing on host: <128.83.144.149:56566>
...
002 (92453793.000.000) 03/19 14:40:52 (1) Job not properly linked for Condor.
...
009 (92453793.000.000) 03/19 14:40:52 Job was aborted by the user.
...
000 (92453798.000.000) 03/19 14:42:08 Job submitted from host: <128.83.130.186:39519>
...
001 (92453798.000.000) 03/19 14:42:23 Job executing on host: <128.83.144.149:56566>
...
006 (92453798.000.000) 03/19 14:42:31 Image size of job updated: 2
	3  -  MemoryUsage of job (MB)
	2072  -  ResidentSetSize of job (KB)
...
006 (92453798.000.000) 03/19 14:44:40 Image size of job updated: 5335244
	4963  -  MemoryUsage of job (MB)
	5081768  -  ResidentSetSize of job (KB)
...
004 (92453798.000.000) 03/19 14:44:40 Job was evicted.
	(0) Job was not checkpointed.
		Usr 0 00:00:14, Sys 0 00:00:10  -  Run Remote Usage
		Usr 0 00:00:00, Sys 0 00:00:00  -  Run Local Usage
	0  -  Run Bytes Sent By Job
	0  -  Run Bytes Received By Job
	Partitionable Resources :    Usage  Request Allocated
	   Cpus                 :                 1         1
	   Disk (KB)            :        2        2   8864032
	   Memory (MB)          :     4963        1      4028
...
001 (92453798.000.000) 03/19 14:45:10 Job executing on host: <128.83.120.250:57813>
...
004 (92453798.000.000) 03/19 14:45:54 Job was evicted.
	(0) Job was not checkpointed.
		Usr 0 00:00:15, Sys 0 00:00:06  -  Run Remote Usage
		Usr 0 00:00:00, Sys 0 00:00:00  -  Run Local Usage
	0  -  Run Bytes Sent By Job
	0  -  Run Bytes Received By Job
	Partitionable Resources :    Usage  Request Allocated
	   Cpus                 :                 1         1
	   Disk (KB)            :        2        2    835461
	   Memory (MB)          :     7325     7325     12899
...
001 (92453798.000.000) 03/19 14:47:38 Job executing on host: <128.83.130.223:44730>
...
004 (92453798.000.000) 03/19 14:48:40 Job was evicted.
	(0) Job was not checkpointed.
		Usr 0 00:00:43, Sys 0 00:00:12  -  Run Remote Usage
		Usr 0 00:00:00, Sys 0 00:00:00  -  Run Local Usage
	0  -  Run Bytes Sent By Job
	0  -  Run Bytes Received By Job
	Partitionable Resources :    Usage  Request Allocated
	   Cpus                 :                 1         1
	   Disk (KB)            :        2        2   6519668
	   Memory (MB)          :     7325     7325      8062
...
000 (92453826.000.000) 03/19 14:50:08 Job submitted from host: <128.83.130.186:39519>
...
001 (92453826.000.000) 03/19 14:50:22 Job executing on host: <128.83.144.149:56566>
...
001 (92453798.000.000) 03/19 14:50:22 Job executing on host: <128.83.144.13:36303>
...
006 (92453826.000.000) 03/19 14:50:30 Image size of job updated: 5318148
	4913  -  MemoryUsage of job (MB)
	5030192  -  ResidentSetSize of job (KB)
...
006 (92453826.000.000) 03/19 14:51:17 Image size of job updated: 5417996
	5004  -  MemoryUsage of job (MB)
	5123788  -  ResidentSetSize of job (KB)
...
004 (92453826.000.000) 03/19 14:51:17 Job was evicted.
	(0) Job was not checkpointed.
		Usr 0 00:00:45, Sys 0 00:00:06  -  Run Remote Usage
		Usr 0 00:00:00, Sys 0 00:00:00  -  Run Local Usage
	0  -  Run Bytes Sent By Job
	0  -  Run Bytes Received By Job
	Partitionable Resources :    Usage  Request Allocated
	   Cpus                 :                 1         1
	   Disk (KB)            :        2        2   8864029
	   Memory (MB)          :     5004        1      4028
...
004 (92453798.000.000) 03/19 14:51:17 Job was evicted.
	(0) Job was not checkpointed.
		Usr 0 00:00:15, Sys 0 00:00:08  -  Run Remote Usage
		Usr 0 00:00:00, Sys 0 00:00:00  -  Run Local Usage
	0  -  Run Bytes Sent By Job
	0  -  Run Bytes Received By Job
	Partitionable Resources :    Usage  Request Allocated
	   Cpus                 :                 1         1
	   Disk (KB)            :        2        2    835448
	   Memory (MB)          :     7325     7325     12899
...
001 (92453798.000.000) 03/19 14:54:00 Job executing on host: <128.83.120.250:57813>
...
001 (92453826.000.000) 03/19 14:54:00 Job executing on host: <128.83.120.250:57813>
...
004 (92453798.000.000) 03/19 14:54:33 Job was evicted.
	(0) Job was not checkpointed.
		Usr 0 00:00:22, Sys 0 00:00:05  -  Run Remote Usage
		Usr 0 00:00:00, Sys 0 00:00:00  -  Run Local Usage
	0  -  Run Bytes Sent By Job
	0  -  Run Bytes Received By Job
	Partitionable Resources :    Usage  Request Allocated
	   Cpus                 :                 1         1
	   Disk (KB)            :        2        2    835463
	   Memory (MB)          :     7325     7325     12899
...
004 (92453826.000.000) 03/19 14:55:06 Job was evicted.
	(0) Job was not checkpointed.
		Usr 0 00:00:50, Sys 0 00:00:10  -  Run Remote Usage
		Usr 0 00:00:00, Sys 0 00:00:00  -  Run Local Usage
	0  -  Run Bytes Sent By Job
	0  -  Run Bytes Received By Job
	Partitionable Resources :    Usage  Request Allocated
	   Cpus                 :                 1         1
	   Disk (KB)            :        2        2    835462
	   Memory (MB)          :     7325     7325     12899
...
001 (92453826.000.000) 03/19 14:56:24 Job executing on host: <128.83.144.29:37068>
...
001 (92453798.000.000) 03/19 14:56:24 Job executing on host: <128.83.144.29:37068>
...
004 (92453798.000.000) 03/19 14:57:44 Job was evicted.
	(0) Job was not checkpointed.
		Usr 0 00:00:29, Sys 0 00:00:09  -  Run Remote Usage
		Usr 0 00:00:00, Sys 0 00:00:00  -  Run Local Usage
	0  -  Run Bytes Sent By Job
	0  -  Run Bytes Received By Job
	Partitionable Resources :    Usage  Request Allocated
	   Cpus                 :                 1         1
	   Disk (KB)            :        2        2   1228954
	   Memory (MB)          :     7325     7325     10751
...
001 (92453798.000.000) 03/19 14:58:19 Job executing on host: <128.83.130.223:44730>
...
004 (92453826.000.000) 03/19 14:58:25 Job was evicted.
	(0) Job was not checkpointed.
		Usr 0 00:01:17, Sys 0 00:00:19  -  Run Remote Usage
		Usr 0 00:00:00, Sys 0 00:00:00  -  Run Local Usage
	0  -  Run Bytes Sent By Job
	0  -  Run Bytes Received By Job
	Partitionable Resources :    Usage  Request Allocated
	   Cpus                 :                 1         1
	   Disk (KB)            :        2        2   1228961
	   Memory (MB)          :     7325     7325     10751
...
004 (92453798.000.000) 03/19 14:59:50 Job was evicted.
	(0) Job was not checkpointed.
		Usr 0 00:01:00, Sys 0 00:00:17  -  Run Remote Usage
		Usr 0 00:00:00, Sys 0 00:00:00  -  Run Local Usage
	0  -  Run Bytes Sent By Job
	0  -  Run Bytes Received By Job
	Partitionable Resources :    Usage  Request Allocated
	   Cpus                 :                 1         1
	   Disk (KB)            :        2        2   6519367
	   Memory (MB)          :     7325     7325      8062
...
001 (92453826.000.000) 03/19 15:00:47 Job executing on host: <128.83.130.224:36031>
...
001 (92453798.000.000) 03/19 15:00:47 Job executing on host: <128.83.130.224:36031>
...
004 (92453798.000.000) 03/19 15:01:20 Job was evicted.
	(0) Job was not checkpointed.
		Usr 0 00:00:19, Sys 0 00:00:06  -  Run Remote Usage
		Usr 0 00:00:00, Sys 0 00:00:00  -  Run Local Usage
	0  -  Run Bytes Sent By Job
	0  -  Run Bytes Received By Job
	Partitionable Resources :    Usage  Request Allocated
	   Cpus                 :                 1         1
	   Disk (KB)            :        2        2   1877327
	   Memory (MB)          :     7325     7325     16126
...
004 (92453826.000.000) 03/19 15:01:20 Job was evicted.
	(0) Job was not checkpointed.
		Usr 0 00:00:19, Sys 0 00:00:06  -  Run Remote Usage
		Usr 0 00:00:00, Sys 0 00:00:00  -  Run Local Usage
	0  -  Run Bytes Sent By Job
	0  -  Run Bytes Received By Job
	Partitionable Resources :    Usage  Request Allocated
	   Cpus                 :                 1         1
	   Disk (KB)            :        2        2   1877327
	   Memory (MB)          :     7325     7325     16126
...
001 (92453798.000.000) 03/19 15:02:55 Job executing on host: <128.83.120.250:57813>
...
001 (92453826.000.000) 03/19 15:02:55 Job executing on host: <128.83.120.250:57813>
...
004 (92453798.000.000) 03/19 15:08:55 Job was evicted.
	(0) Job was not checkpointed.
		Usr 0 00:05:10, Sys 0 00:00:43  -  Run Remote Usage
		Usr 0 00:00:00, Sys 0 00:00:00  -  Run Local Usage
	0  -  Run Bytes Sent By Job
	0  -  Run Bytes Received By Job
	Partitionable Resources :    Usage  Request Allocated
	   Cpus                 :                 1         1
	   Disk (KB)            :        2        2    835460
	   Memory (MB)          :     7325     7325     12899
...
001 (92453798.000.000) 03/19 15:13:58 Job executing on host: <128.83.120.250:57813>
...
004 (92453798.000.000) 03/19 15:19:19 Job was evicted.
	(0) Job was not checkpointed.
		Usr 0 00:04:34, Sys 0 00:00:41  -  Run Remote Usage
		Usr 0 00:00:00, Sys 0 00:00:00  -  Run Local Usage
	0  -  Run Bytes Sent By Job
	0  -  Run Bytes Received By Job
	Partitionable Resources :    Usage  Request Allocated
	   Cpus                 :                 1         1
	   Disk (KB)            :        2        2    835460
	   Memory (MB)          :     7325     7325     12899
...
001 (92453798.000.000) 03/19 15:19:53 Job executing on host: <128.83.120.250:57813>
...
004 (92453826.000.000) 03/19 15:20:03 Job was evicted.
	(0) Job was not checkpointed.
		Usr 0 00:15:02, Sys 0 00:01:58  -  Run Remote Usage
		Usr 0 00:00:00, Sys 0 00:00:00  -  Run Local Usage
	0  -  Run Bytes Sent By Job
	0  -  Run Bytes Received By Job
	Partitionable Resources :    Usage  Request Allocated
	   Cpus                 :                 1         1
	   Disk (KB)            :        2        2    835460
	   Memory (MB)          :     7325     7325     12899
...
001 (92453826.000.000) 03/19 15:21:43 Job executing on host: <128.83.139.9:33992>
...
010 (92453798.000.000) 03/19 15:22:07 Job was suspended.
	Number of processes actually suspended: 2
...
011 (92453798.000.000) 03/19 15:27:37 Job was unsuspended.
...
004 (92453826.000.000) 03/19 15:45:08 Job was evicted.
	(0) Job was not checkpointed.
		Usr 0 00:19:56, Sys 0 00:03:04  -  Run Remote Usage
		Usr 0 00:00:00, Sys 0 00:00:00  -  Run Local Usage
	0  -  Run Bytes Sent By Job
	0  -  Run Bytes Received By Job
	Partitionable Resources :    Usage  Request Allocated
	   Cpus                 :                 1         1
	   Disk (KB)            :        2        2   1683868
	   Memory (MB)          :     7325     7325     12899
...
001 (92453826.000.000) 03/19 15:48:05 Job executing on host: <128.83.120.250:57813>
...
004 (92453826.000.000) 03/19 16:20:01 Job was evicted.
	(0) Job was not checkpointed.
		Usr 0 00:27:43, Sys 0 00:03:48  -  Run Remote Usage
		Usr 0 00:00:00, Sys 0 00:00:00  -  Run Local Usage
	0  -  Run Bytes Sent By Job
	0  -  Run Bytes Received By Job
	Partitionable Resources :    Usage  Request Allocated
	   Cpus                 :                 1         1
	   Disk (KB)            :        2        2    835460
	   Memory (MB)          :     7325     7325     12899
...
001 (92453826.000.000) 03/19 16:20:29 Job executing on host: <128.83.120.250:57813>
...
004 (92453826.000.000) 03/19 16:31:57 Job was evicted.
	(0) Job was not checkpointed.
		Usr 0 00:10:00, Sys 0 00:01:22  -  Run Remote Usage
		Usr 0 00:00:00, Sys 0 00:00:00  -  Run Local Usage
	0  -  Run Bytes Sent By Job
	0  -  Run Bytes Received By Job
	Partitionable Resources :    Usage  Request Allocated
	   Cpus                 :                 1         1
	   Disk (KB)            :        2        2    835460
	   Memory (MB)          :     7325     7325     12899
...
001 (92453826.000.000) 03/19 16:32:55 Job executing on host: <128.83.120.250:57813>
...
004 (92453826.000.000) 03/19 16:56:25 Job was evicted.
	(0) Job was not checkpointed.
		Usr 0 00:20:38, Sys 0 00:02:46  -  Run Remote Usage
		Usr 0 00:00:00, Sys 0 00:00:00  -  Run Local Usage
	0  -  Run Bytes Sent By Job
	0  -  Run Bytes Received By Job
	Partitionable Resources :    Usage  Request Allocated
	   Cpus                 :                 1         1
	   Disk (KB)            :        2        2    835460
	   Memory (MB)          :     7325     7325     12899
...
001 (92453826.000.000) 03/19 16:59:23 Job executing on host: <128.83.130.223:44730>
...
004 (92453826.000.000) 03/19 17:48:26 Job was evicted.
	(0) Job was not checkpointed.
		Usr 0 00:42:33, Sys 0 00:06:05  -  Run Remote Usage
		Usr 0 00:00:00, Sys 0 00:00:00  -  Run Local Usage
	0  -  Run Bytes Sent By Job
	0  -  Run Bytes Received By Job
	Partitionable Resources :    Usage  Request Allocated
	   Cpus                 :                 1         1
	   Disk (KB)            :        2        2   6518905
	   Memory (MB)          :     7325     7325      8062
...
004 (92453798.000.000) 03/19 17:48:59 Job was evicted.
	(0) Job was not checkpointed.
		Usr 0 02:05:06, Sys 0 00:17:13  -  Run Remote Usage
		Usr 0 00:00:00, Sys 0 00:00:00  -  Run Local Usage
	0  -  Run Bytes Sent By Job
	0  -  Run Bytes Received By Job
	Partitionable Resources :    Usage  Request Allocated
	   Cpus                 :                 1         1
	   Disk (KB)            :        2        2    835460
	   Memory (MB)          :     7325     7325     12899
...
001 (92453826.000.000) 03/19 17:50:57 Job executing on host: <128.83.144.29:37068>
...
001 (92453798.000.000) 03/19 17:50:57 Job executing on host: <128.83.144.29:37068>
...
010 (92453826.000.000) 03/19 18:05:49 Job was suspended.
	Number of processes actually suspended: 2
...
010 (92453798.000.000) 03/19 18:05:49 Job was suspended.
	Number of processes actually suspended: 2
...
011 (92453798.000.000) 03/19 18:08:19 Job was unsuspended.
...
011 (92453826.000.000) 03/19 18:08:24 Job was unsuspended.
...
004 (92453798.000.000) 03/19 20:07:58 Job was evicted.
	(0) Job was not checkpointed.
		Usr 0 01:53:27, Sys 0 00:19:12  -  Run Remote Usage
		Usr 0 00:00:00, Sys 0 00:00:00  -  Run Local Usage
	0  -  Run Bytes Sent By Job
	0  -  Run Bytes Received By Job
	Partitionable Resources :    Usage  Request Allocated
	   Cpus                 :                 1         1
	   Disk (KB)            :        2        2   1226408
	   Memory (MB)          :     7325     7325     10751
...
010 (92453826.000.000) 03/19 20:10:09 Job was suspended.
	Number of processes actually suspended: 2
...
011 (92453826.000.000) 03/19 20:11:10 Job was unsuspended.
...
001 (92453798.000.000) 03/19 20:11:50 Job executing on host: <128.83.130.161:44432>
...
004 (92453826.000.000) 03/19 20:12:23 Job was evicted.
	(0) Job was not checkpointed.
		Usr 0 01:55:12, Sys 0 00:21:02  -  Run Remote Usage
		Usr 0 00:00:00, Sys 0 00:00:00  -  Run Local Usage
	0  -  Run Bytes Sent By Job
	0  -  Run Bytes Received By Job
	Partitionable Resources :    Usage  Request Allocated
	   Cpus                 :                 1         1
	   Disk (KB)            :        2        2   1226408
	   Memory (MB)          :     7325     7325     10751
...
001 (92453826.000.000) 03/19 20:13:29 Job executing on host: <128.83.130.161:44432>
...
004 (92453798.000.000) 03/19 20:13:33 Job was evicted.
	(0) Job was not checkpointed.
		Usr 0 00:01:18, Sys 0 00:00:14  -  Run Remote Usage
		Usr 0 00:00:00, Sys 0 00:00:00  -  Run Local Usage
	0  -  Run Bytes Sent By Job
	0  -  Run Bytes Received By Job
	Partitionable Resources :    Usage  Request Allocated
	   Cpus                 :                 1         1
	   Disk (KB)            :        2        2   1912022
	   Memory (MB)          :     7325     7325     24188
...
001 (92453798.000.000) 03/19 20:14:20 Job executing on host: <128.83.130.223:44730>
...
004 (92453798.000.000) 03/19 20:14:53 Job was evicted.
	(0) Job was not checkpointed.
		Usr 0 00:00:18, Sys 0 00:00:07  -  Run Remote Usage
		Usr 0 00:00:00, Sys 0 00:00:00  -  Run Local Usage
	0  -  Run Bytes Sent By Job
	0  -  Run Bytes Received By Job
	Partitionable Resources :    Usage  Request Allocated
	   Cpus                 :                 1         1
	   Disk (KB)            :        2        2   6524464
	   Memory (MB)          :     7325     7325      8062
...
001 (92453798.000.000) 03/19 20:16:47 Job executing on host: <128.83.130.161:44432>
...
004 (92453826.000.000) 03/19 20:16:49 Job was evicted.
	(0) Job was not checkpointed.
		Usr 0 00:02:49, Sys 0 00:00:25  -  Run Remote Usage
		Usr 0 00:00:00, Sys 0 00:00:00  -  Run Local Usage
	0  -  Run Bytes Sent By Job
	0  -  Run Bytes Received By Job
	Partitionable Resources :    Usage  Request Allocated
	   Cpus                 :                 1         1
	   Disk (KB)            :        2        2   1912024
	   Memory (MB)          :     7325     7325     24188
...
001 (92453826.000.000) 03/19 20:17:29 Job executing on host: <128.83.120.128:50181>
...
004 (92453798.000.000) 03/19 20:17:31 Job was evicted.
	(0) Job was not checkpointed.
		Usr 0 00:00:32, Sys 0 00:00:07  -  Run Remote Usage
		Usr 0 00:00:00, Sys 0 00:00:00  -  Run Local Usage
	0  -  Run Bytes Sent By Job
	0  -  Run Bytes Received By Job
	Partitionable Resources :    Usage  Request Allocated
	   Cpus                 :                 1         1
	   Disk (KB)            :        2        2   1912019
	   Memory (MB)          :     7325     7325     24188
...
001 (92453798.000.000) 03/19 20:18:06 Job executing on host: <128.83.130.161:44432>
...
004 (92453826.000.000) 03/19 20:23:29 Job was evicted.
	(0) Job was not checkpointed.
		Usr 0 00:04:54, Sys 0 00:00:57  -  Run Remote Usage
		Usr 0 00:00:00, Sys 0 00:00:00  -  Run Local Usage
	0  -  Run Bytes Sent By Job
	0  -  Run Bytes Received By Job
	Partitionable Resources :    Usage  Request Allocated
	   Cpus                 :                 1         1
	   Disk (KB)            :        2        2    835244
	   Memory (MB)          :     7325     7325     12899
...
004 (92453798.000.000) 03/19 20:23:29 Job was evicted.
	(0) Job was not checkpointed.
		Usr 0 00:04:34, Sys 0 00:00:42  -  Run Remote Usage
		Usr 0 00:00:00, Sys 0 00:00:00  -  Run Local Usage
	0  -  Run Bytes Sent By Job
	0  -  Run Bytes Received By Job
	Partitionable Resources :    Usage  Request Allocated
	   Cpus                 :                 1         1
	   Disk (KB)            :        2        2   1912018
	   Memory (MB)          :     7325     7325     24188
...
001 (92453826.000.000) 03/19 20:25:50 Job executing on host: <128.83.144.15:57611>
...
001 (92453798.000.000) 03/19 20:25:50 Job executing on host: <128.83.144.5:51380>
...
004 (92453798.000.000) 03/19 20:27:36 Job was evicted.
	(0) Job was not checkpointed.
		Usr 0 00:01:18, Sys 0 00:00:18  -  Run Remote Usage
		Usr 0 00:00:00, Sys 0 00:00:00  -  Run Local Usage
	0  -  Run Bytes Sent By Job
	0  -  Run Bytes Received By Job
	Partitionable Resources :    Usage  Request Allocated
	   Cpus                 :                 1         1
	   Disk (KB)            :        2        2    835439
	   Memory (MB)          :     7325     7325     12899
...
004 (92453826.000.000) 03/19 20:27:36 Job was evicted.
	(0) Job was not checkpointed.
		Usr 0 00:01:23, Sys 0 00:00:16  -  Run Remote Usage
		Usr 0 00:00:00, Sys 0 00:00:00  -  Run Local Usage
	0  -  Run Bytes Sent By Job
	0  -  Run Bytes Received By Job
	Partitionable Resources :    Usage  Request Allocated
	   Cpus                 :                 1         1
	   Disk (KB)            :        2        2    835244
	   Memory (MB)          :     7325     7325     12899
...
001 (92453826.000.000) 03/19 20:30:32 Job executing on host: <128.83.130.161:44432>
...
001 (92453798.000.000) 03/19 20:30:32 Job executing on host: <128.83.130.161:44432>
...
004 (92453798.000.000) 03/19 20:34:49 Job was evicted.
	(0) Job was not checkpointed.
		Usr 0 00:03:37, Sys 0 00:00:31  -  Run Remote Usage
		Usr 0 00:00:00, Sys 0 00:00:00  -  Run Local Usage
	0  -  Run Bytes Sent By Job
	0  -  Run Bytes Received By Job
	Partitionable Resources :    Usage  Request Allocated
	   Cpus                 :                 1         1
	   Disk (KB)            :        2        2   1912012
	   Memory (MB)          :     7325     7325     24188
...
004 (92453826.000.000) 03/19 20:35:32 Job was evicted.
	(0) Job was not checkpointed.
		Usr 0 00:04:13, Sys 0 00:00:37  -  Run Remote Usage
		Usr 0 00:00:00, Sys 0 00:00:00  -  Run Local Usage
	0  -  Run Bytes Sent By Job
	0  -  Run Bytes Received By Job
	Partitionable Resources :    Usage  Request Allocated
	   Cpus                 :                 1         1
	   Disk (KB)            :        2        2   1912017
	   Memory (MB)          :     7325     7325     24188
...
001 (92453798.000.000) 03/19 20:38:31 Job executing on host: <128.83.130.161:44432>
...
001 (92453826.000.000) 03/19 20:38:31 Job executing on host: <128.83.130.161:44432>
...
004 (92453798.000.000) 03/19 22:50:44 Job was evicted.
	(0) Job was not checkpointed.
		Usr 0 01:53:25, Sys 0 00:16:44  -  Run Remote Usage
		Usr 0 00:00:00, Sys 0 00:00:00  -  Run Local Usage
	0  -  Run Bytes Sent By Job
	0  -  Run Bytes Received By Job
	Partitionable Resources :    Usage  Request Allocated
	   Cpus                 :                 1         1
	   Disk (KB)            :        2        2   1912025
	   Memory (MB)          :     7325     7325     24188
...
001 (92453798.000.000) 03/19 22:51:20 Job executing on host: <128.83.144.112:35852>
...
004 (92453798.000.000) 03/20 00:55:51 Job was evicted.
	(0) Job was not checkpointed.
		Usr 0 01:47:20, Sys 0 00:16:28  -  Run Remote Usage
		Usr 0 00:00:00, Sys 0 00:00:00  -  Run Local Usage
	0  -  Run Bytes Sent By Job
	0  -  Run Bytes Received By Job
	Partitionable Resources :    Usage  Request Allocated
	   Cpus                 :                 1         1
	   Disk (KB)            :        2        2    835459
	   Memory (MB)          :     7325     7325     12899
...
001 (92453798.000.000) 03/20 00:57:04 Job executing on host: <128.83.144.15:57611>
...
004 (92453826.000.000) 03/20 00:57:06 Job was evicted.
	(0) Job was not checkpointed.
		Usr 0 03:41:59, Sys 0 00:31:49  -  Run Remote Usage
		Usr 0 00:00:00, Sys 0 00:00:00  -  Run Local Usage
	0  -  Run Bytes Sent By Job
	0  -  Run Bytes Received By Job
	Partitionable Resources :    Usage  Request Allocated
	   Cpus                 :                 1         1
	   Disk (KB)            :        2        2   1912026
	   Memory (MB)          :     7325     7325     24188
...
001 (92453826.000.000) 03/20 00:57:53 Job executing on host: <128.83.144.15:57611>
...
004 (92453798.000.000) 03/20 00:57:55 Job was evicted.
	(0) Job was not checkpointed.
		Usr 0 00:00:33, Sys 0 00:00:07  -  Run Remote Usage
		Usr 0 00:00:00, Sys 0 00:00:00  -  Run Local Usage
	0  -  Run Bytes Sent By Job
	0  -  Run Bytes Received By Job
	Partitionable Resources :    Usage  Request Allocated
	   Cpus                 :                 1         1
	   Disk (KB)            :        2        2    835243
	   Memory (MB)          :     7325     7325     12899
...
001 (92453798.000.000) 03/20 00:58:44 Job executing on host: <128.83.144.15:57611>
...
004 (92453826.000.000) 03/20 00:58:45 Job was evicted.
	(0) Job was not checkpointed.
		Usr 0 00:00:39, Sys 0 00:00:08  -  Run Remote Usage
		Usr 0 00:00:00, Sys 0 00:00:00  -  Run Local Usage
	0  -  Run Bytes Sent By Job
	0  -  Run Bytes Received By Job
	Partitionable Resources :    Usage  Request Allocated
	   Cpus                 :                 1         1
	   Disk (KB)            :        2        2    835243
	   Memory (MB)          :     7325     7325     12899
...
001 (92453826.000.000) 03/20 00:59:22 Job executing on host: <128.83.144.15:57611>
...
004 (92453798.000.000) 03/20 00:59:24 Job was evicted.
	(0) Job was not checkpointed.
		Usr 0 00:00:30, Sys 0 00:00:06  -  Run Remote Usage
		Usr 0 00:00:00, Sys 0 00:00:00  -  Run Local Usage
	0  -  Run Bytes Sent By Job
	0  -  Run Bytes Received By Job
	Partitionable Resources :    Usage  Request Allocated
	   Cpus                 :                 1         1
	   Disk (KB)            :        2        2    835241
	   Memory (MB)          :     7325     7325     12899
...
001 (92453798.000.000) 03/20 01:00:15 Job executing on host: <128.83.144.15:57611>
...
004 (92453826.000.000) 03/20 01:00:16 Job was evicted.
	(0) Job was not checkpointed.
		Usr 0 00:00:41, Sys 0 00:00:09  -  Run Remote Usage
		Usr 0 00:00:00, Sys 0 00:00:00  -  Run Local Usage
	0  -  Run Bytes Sent By Job
	0  -  Run Bytes Received By Job
	Partitionable Resources :    Usage  Request Allocated
	   Cpus                 :                 1         1
	   Disk (KB)            :        2        2    835242
	   Memory (MB)          :     7325     7325     12899
...
001 (92453826.000.000) 03/20 01:01:06 Job executing on host: <128.83.144.15:57611>
...
004 (92453798.000.000) 03/20 01:01:07 Job was evicted.
	(0) Job was not checkpointed.
		Usr 0 00:00:40, Sys 0 00:00:08  -  Run Remote Usage
		Usr 0 00:00:00, Sys 0 00:00:00  -  Run Local Usage
	0  -  Run Bytes Sent By Job
	0  -  Run Bytes Received By Job
	Partitionable Resources :    Usage  Request Allocated
	   Cpus                 :                 1         1
	   Disk (KB)            :        2        2    835242
	   Memory (MB)          :     7325     7325     12899
...
001 (92453798.000.000) 03/20 01:02:02 Job executing on host: <128.83.144.15:57611>
...
004 (92453826.000.000) 03/20 01:02:03 Job was evicted.
	(0) Job was not checkpointed.
		Usr 0 00:00:46, Sys 0 00:00:09  -  Run Remote Usage
		Usr 0 00:00:00, Sys 0 00:00:00  -  Run Local Usage
	0  -  Run Bytes Sent By Job
	0  -  Run Bytes Received By Job
	Partitionable Resources :    Usage  Request Allocated
	   Cpus                 :                 1         1
	   Disk (KB)            :        2        2    835241
	   Memory (MB)          :     7325     7325     12899
...
001 (92453826.000.000) 03/20 01:02:51 Job executing on host: <128.83.144.15:57611>
...
004 (92453798.000.000) 03/20 01:02:53 Job was evicted.
	(0) Job was not checkpointed.
		Usr 0 00:00:39, Sys 0 00:00:08  -  Run Remote Usage
		Usr 0 00:00:00, Sys 0 00:00:00  -  Run Local Usage
	0  -  Run Bytes Sent By Job
	0  -  Run Bytes Received By Job
	Partitionable Resources :    Usage  Request Allocated
	   Cpus                 :                 1         1
	   Disk (KB)            :        2        2    835241
	   Memory (MB)          :     7325     7325     12899
...
001 (92453798.000.000) 03/20 01:03:42 Job executing on host: <128.83.144.15:57611>
...
004 (92453826.000.000) 03/20 01:03:43 Job was evicted.
	(0) Job was not checkpointed.
		Usr 0 00:00:42, Sys 0 00:00:08  -  Run Remote Usage
		Usr 0 00:00:00, Sys 0 00:00:00  -  Run Local Usage
	0  -  Run Bytes Sent By Job
	0  -  Run Bytes Received By Job
	Partitionable Resources :    Usage  Request Allocated
	   Cpus                 :                 1         1
	   Disk (KB)            :        2        2    835242
	   Memory (MB)          :     7325     7325     12899
...
001 (92453826.000.000) 03/20 01:04:36 Job executing on host: <128.83.144.15:57611>
...
004 (92453798.000.000) 03/20 01:04:38 Job was evicted.
	(0) Job was not checkpointed.
		Usr 0 00:00:44, Sys 0 00:00:09  -  Run Remote Usage
		Usr 0 00:00:00, Sys 0 00:00:00  -  Run Local Usage
	0  -  Run Bytes Sent By Job
	0  -  Run Bytes Received By Job
	Partitionable Resources :    Usage  Request Allocated
	   Cpus                 :                 1         1
	   Disk (KB)            :        2        2    835242
	   Memory (MB)          :     7325     7325     12899
...
001 (92453798.000.000) 03/20 01:05:34 Job executing on host: <128.83.144.15:57611>
...
004 (92453826.000.000) 03/20 01:05:35 Job was evicted.
	(0) Job was not checkpointed.
		Usr 0 00:00:47, Sys 0 00:00:09  -  Run Remote Usage
		Usr 0 00:00:00, Sys 0 00:00:00  -  Run Local Usage
	0  -  Run Bytes Sent By Job
	0  -  Run Bytes Received By Job
	Partitionable Resources :    Usage  Request Allocated
	   Cpus                 :                 1         1
	   Disk (KB)            :        2        2    835242
	   Memory (MB)          :     7325     7325     12899
...
001 (92453826.000.000) 03/20 01:06:29 Job executing on host: <128.83.144.15:57611>
...
004 (92453798.000.000) 03/20 01:06:32 Job was evicted.
	(0) Job was not checkpointed.
		Usr 0 00:00:44, Sys 0 00:00:09  -  Run Remote Usage
		Usr 0 00:00:00, Sys 0 00:00:00  -  Run Local Usage
	0  -  Run Bytes Sent By Job
	0  -  Run Bytes Received By Job
	Partitionable Resources :    Usage  Request Allocated
	   Cpus                 :                 1         1
	   Disk (KB)            :        2        2    835242
	   Memory (MB)          :     7325     7325     12899
...
001 (92453798.000.000) 03/20 01:07:24 Job executing on host: <128.83.144.15:57611>
...
004 (92453826.000.000) 03/20 01:07:25 Job was evicted.
	(0) Job was not checkpointed.
		Usr 0 00:00:44, Sys 0 00:00:09  -  Run Remote Usage
		Usr 0 00:00:00, Sys 0 00:00:00  -  Run Local Usage
	0  -  Run Bytes Sent By Job
	0  -  Run Bytes Received By Job
	Partitionable Resources :    Usage  Request Allocated
	   Cpus                 :                 1         1
	   Disk (KB)            :        2        2    835241
	   Memory (MB)          :     7325     7325     12899
...
001 (92453826.000.000) 03/20 01:08:10 Job executing on host: <128.83.144.15:57611>
...
004 (92453798.000.000) 03/20 01:08:11 Job was evicted.
	(0) Job was not checkpointed.
		Usr 0 00:00:34, Sys 0 00:00:08  -  Run Remote Usage
		Usr 0 00:00:00, Sys 0 00:00:00  -  Run Local Usage
	0  -  Run Bytes Sent By Job
	0  -  Run Bytes Received By Job
	Partitionable Resources :    Usage  Request Allocated
	   Cpus                 :                 1         1
	   Disk (KB)            :        2        2    835242
	   Memory (MB)          :     7325     7325     12899
...
001 (92453798.000.000) 03/20 01:08:55 Job executing on host: <128.83.144.15:57611>
...
004 (92453826.000.000) 03/20 01:08:57 Job was evicted.
	(0) Job was not checkpointed.
		Usr 0 00:00:36, Sys 0 00:00:08  -  Run Remote Usage
		Usr 0 00:00:00, Sys 0 00:00:00  -  Run Local Usage
	0  -  Run Bytes Sent By Job
	0  -  Run Bytes Received By Job
	Partitionable Resources :    Usage  Request Allocated
	   Cpus                 :                 1         1
	   Disk (KB)            :        2        2    835240
	   Memory (MB)          :     7325     7325     12899
...
001 (92453826.000.000) 03/20 01:09:46 Job executing on host: <128.83.144.15:57611>
...
004 (92453798.000.000) 03/20 01:09:48 Job was evicted.
	(0) Job was not checkpointed.
		Usr 0 00:00:40, Sys 0 00:00:09  -  Run Remote Usage
		Usr 0 00:00:00, Sys 0 00:00:00  -  Run Local Usage
	0  -  Run Bytes Sent By Job
	0  -  Run Bytes Received By Job
	Partitionable Resources :    Usage  Request Allocated
	   Cpus                 :                 1         1
	   Disk (KB)            :        2        2    835241
	   Memory (MB)          :     7325     7325     12899
...
001 (92453798.000.000) 03/20 01:10:43 Job executing on host: <128.83.144.15:57611>
...
004 (92453826.000.000) 03/20 01:10:45 Job was evicted.
	(0) Job was not checkpointed.
		Usr 0 00:00:47, Sys 0 00:00:10  -  Run Remote Usage
		Usr 0 00:00:00, Sys 0 00:00:00  -  Run Local Usage
	0  -  Run Bytes Sent By Job
	0  -  Run Bytes Received By Job
	Partitionable Resources :    Usage  Request Allocated
	   Cpus                 :                 1         1
	   Disk (KB)            :        2        2    835242
	   Memory (MB)          :     7325     7325     12899
...
001 (92453826.000.000) 03/20 01:12:19 Job executing on host: <128.83.144.15:57611>
...
004 (92453798.000.000) 03/20 01:12:22 Job was evicted.
	(0) Job was not checkpointed.
		Usr 0 00:01:19, Sys 0 00:00:15  -  Run Remote Usage
		Usr 0 00:00:00, Sys 0 00:00:00  -  Run Local Usage
	0  -  Run Bytes Sent By Job
	0  -  Run Bytes Received By Job
	Partitionable Resources :    Usage  Request Allocated
	   Cpus                 :                 1         1
	   Disk (KB)            :        2        2    835242
	   Memory (MB)          :     7325     7325     12899
...
001 (92453798.000.000) 03/20 01:13:11 Job executing on host: <128.83.144.15:57611>
...
004 (92453826.000.000) 03/20 01:13:13 Job was evicted.
	(0) Job was not checkpointed.
		Usr 0 00:00:41, Sys 0 00:00:09  -  Run Remote Usage
		Usr 0 00:00:00, Sys 0 00:00:00  -  Run Local Usage
	0  -  Run Bytes Sent By Job
	0  -  Run Bytes Received By Job
	Partitionable Resources :    Usage  Request Allocated
	   Cpus                 :                 1         1
	   Disk (KB)            :        2        2    835242
	   Memory (MB)          :     7325     7325     12899
...
001 (92453826.000.000) 03/20 01:14:18 Job executing on host: <128.83.144.15:57611>
...
004 (92453798.000.000) 03/20 01:14:20 Job was evicted.
	(0) Job was not checkpointed.
		Usr 0 00:00:56, Sys 0 00:00:10  -  Run Remote Usage
		Usr 0 00:00:00, Sys 0 00:00:00  -  Run Local Usage
	0  -  Run Bytes Sent By Job
	0  -  Run Bytes Received By Job
	Partitionable Resources :    Usage  Request Allocated
	   Cpus                 :                 1         1
	   Disk (KB)            :        2        2    835241
	   Memory (MB)          :     7325     7325     12899
...
001 (92453798.000.000) 03/20 01:15:20 Job executing on host: <128.83.144.15:57611>
...
004 (92453826.000.000) 03/20 01:15:22 Job was evicted.
	(0) Job was not checkpointed.
		Usr 0 00:00:50, Sys 0 00:00:10  -  Run Remote Usage
		Usr 0 00:00:00, Sys 0 00:00:00  -  Run Local Usage
	0  -  Run Bytes Sent By Job
	0  -  Run Bytes Received By Job
	Partitionable Resources :    Usage  Request Allocated
	   Cpus                 :                 1         1
	   Disk (KB)            :        2        2    835239
	   Memory (MB)          :     7325     7325     12899
...
001 (92453826.000.000) 03/20 01:16:11 Job executing on host: <128.83.144.15:57611>
...
004 (92453798.000.000) 03/20 01:16:12 Job was evicted.
	(0) Job was not checkpointed.
		Usr 0 00:00:39, Sys 0 00:00:09  -  Run Remote Usage
		Usr 0 00:00:00, Sys 0 00:00:00  -  Run Local Usage
	0  -  Run Bytes Sent By Job
	0  -  Run Bytes Received By Job
	Partitionable Resources :    Usage  Request Allocated
	   Cpus                 :                 1         1
	   Disk (KB)            :        2        2    835242
	   Memory (MB)          :     7325     7325     12899
...
001 (92453798.000.000) 03/20 01:16:59 Job executing on host: <128.83.144.15:57611>
...
004 (92453826.000.000) 03/20 01:17:02 Job was evicted.
	(0) Job was not checkpointed.
		Usr 0 00:00:39, Sys 0 00:00:09  -  Run Remote Usage
		Usr 0 00:00:00, Sys 0 00:00:00  -  Run Local Usage
	0  -  Run Bytes Sent By Job
	0  -  Run Bytes Received By Job
	Partitionable Resources :    Usage  Request Allocated
	   Cpus                 :                 1         1
	   Disk (KB)            :        2        2    835242
	   Memory (MB)          :     7325     7325     12899
...
001 (92453826.000.000) 03/20 01:17:53 Job executing on host: <128.83.144.15:57611>
...
004 (92453798.000.000) 03/20 01:17:55 Job was evicted.
	(0) Job was not checkpointed.
		Usr 0 00:00:42, Sys 0 00:00:09  -  Run Remote Usage
		Usr 0 00:00:00, Sys 0 00:00:00  -  Run Local Usage
	0  -  Run Bytes Sent By Job
	0  -  Run Bytes Received By Job
	Partitionable Resources :    Usage  Request Allocated
	   Cpus                 :                 1         1
	   Disk (KB)            :        2        2    835241
	   Memory (MB)          :     7325     7325     12899
...
001 (92453798.000.000) 03/20 01:18:30 Job executing on host: <128.83.144.15:57611>
...
004 (92453826.000.000) 03/20 01:18:32 Job was evicted.
	(0) Job was not checkpointed.
		Usr 0 00:00:29, Sys 0 00:00:07  -  Run Remote Usage
		Usr 0 00:00:00, Sys 0 00:00:00  -  Run Local Usage
	0  -  Run Bytes Sent By Job
	0  -  Run Bytes Received By Job
	Partitionable Resources :    Usage  Request Allocated
	   Cpus                 :                 1         1
	   Disk (KB)            :        2        2    835242
	   Memory (MB)          :     7325     7325     12899
...
001 (92453826.000.000) 03/20 01:19:21 Job executing on host: <128.83.144.15:57611>
...
004 (92453798.000.000) 03/20 01:19:23 Job was evicted.
	(0) Job was not checkpointed.
		Usr 0 00:00:39, Sys 0 00:00:09  -  Run Remote Usage
		Usr 0 00:00:00, Sys 0 00:00:00  -  Run Local Usage
	0  -  Run Bytes Sent By Job
	0  -  Run Bytes Received By Job
	Partitionable Resources :    Usage  Request Allocated
	   Cpus                 :                 1         1
	   Disk (KB)            :        2        2    835241
	   Memory (MB)          :     7325     7325     12899
...
001 (92453798.000.000) 03/20 01:20:12 Job executing on host: <128.83.144.15:57611>
...
004 (92453826.000.000) 03/20 01:20:14 Job was evicted.
	(0) Job was not checkpointed.
		Usr 0 00:00:41, Sys 0 00:00:09  -  Run Remote Usage
		Usr 0 00:00:00, Sys 0 00:00:00  -  Run Local Usage
	0  -  Run Bytes Sent By Job
	0  -  Run Bytes Received By Job
	Partitionable Resources :    Usage  Request Allocated
	   Cpus                 :                 1         1
	   Disk (KB)            :        2        2    835242
	   Memory (MB)          :     7325     7325     12899
...
001 (92453826.000.000) 03/20 01:21:03 Job executing on host: <128.83.144.15:57611>
...
004 (92453798.000.000) 03/20 01:21:05 Job was evicted.
	(0) Job was not checkpointed.
		Usr 0 00:00:40, Sys 0 00:00:09  -  Run Remote Usage
		Usr 0 00:00:00, Sys 0 00:00:00  -  Run Local Usage
	0  -  Run Bytes Sent By Job
	0  -  Run Bytes Received By Job
	Partitionable Resources :    Usage  Request Allocated
	   Cpus                 :                 1         1
	   Disk (KB)            :        2        2    835242
	   Memory (MB)          :     7325     7325     12899
...
001 (92453798.000.000) 03/20 01:21:55 Job executing on host: <128.83.144.15:57611>
...
004 (92453826.000.000) 03/20 01:21:56 Job was evicted.
	(0) Job was not checkpointed.
		Usr 0 00:00:42, Sys 0 00:00:09  -  Run Remote Usage
		Usr 0 00:00:00, Sys 0 00:00:00  -  Run Local Usage
	0  -  Run Bytes Sent By Job
	0  -  Run Bytes Received By Job
	Partitionable Resources :    Usage  Request Allocated
	   Cpus                 :                 1         1
	   Disk (KB)            :        2        2    835241
	   Memory (MB)          :     7325     7325     12899
...
001 (92453826.000.000) 03/20 01:22:42 Job executing on host: <128.83.144.15:57611>
...
004 (92453798.000.000) 03/20 01:22:44 Job was evicted.
	(0) Job was not checkpointed.
		Usr 0 00:00:37, Sys 0 00:00:08  -  Run Remote Usage
		Usr 0 00:00:00, Sys 0 00:00:00  -  Run Local Usage
	0  -  Run Bytes Sent By Job
	0  -  Run Bytes Received By Job
	Partitionable Resources :    Usage  Request Allocated
	   Cpus                 :                 1         1
	   Disk (KB)            :        2        2    835242
	   Memory (MB)          :     7325     7325     12899
...
001 (92453798.000.000) 03/20 01:23:33 Job executing on host: <128.83.144.15:57611>
...
004 (92453826.000.000) 03/20 01:23:35 Job was evicted.
	(0) Job was not checkpointed.
		Usr 0 00:00:42, Sys 0 00:00:09  -  Run Remote Usage
		Usr 0 00:00:00, Sys 0 00:00:00  -  Run Local Usage
	0  -  Run Bytes Sent By Job
	0  -  Run Bytes Received By Job
	Partitionable Resources :    Usage  Request Allocated
	   Cpus                 :                 1         1
	   Disk (KB)            :        2        2    835241
	   Memory (MB)          :     7325     7325     12899
...
001 (92453826.000.000) 03/20 01:24:24 Job executing on host: <128.83.144.15:57611>
...
004 (92453798.000.000) 03/20 01:24:25 Job was evicted.
	(0) Job was not checkpointed.
		Usr 0 00:00:39, Sys 0 00:00:09  -  Run Remote Usage
		Usr 0 00:00:00, Sys 0 00:00:00  -  Run Local Usage
	0  -  Run Bytes Sent By Job
	0  -  Run Bytes Received By Job
	Partitionable Resources :    Usage  Request Allocated
	   Cpus                 :                 1         1
	   Disk (KB)            :        2        2    835241
	   Memory (MB)          :     7325     7325     12899
...
001 (92453798.000.000) 03/20 01:25:24 Job executing on host: <128.83.144.15:57611>
...
004 (92453826.000.000) 03/20 01:25:25 Job was evicted.
	(0) Job was not checkpointed.
		Usr 0 00:00:49, Sys 0 00:00:10  -  Run Remote Usage
		Usr 0 00:00:00, Sys 0 00:00:00  -  Run Local Usage
	0  -  Run Bytes Sent By Job
	0  -  Run Bytes Received By Job
	Partitionable Resources :    Usage  Request Allocated
	   Cpus                 :                 1         1
	   Disk (KB)            :        2        2    835241
	   Memory (MB)          :     7325     7325     12899
...
001 (92453826.000.000) 03/20 01:26:22 Job executing on host: <128.83.144.15:57611>
...
004 (92453798.000.000) 03/20 01:26:23 Job was evicted.
	(0) Job was not checkpointed.
		Usr 0 00:00:46, Sys 0 00:00:09  -  Run Remote Usage
		Usr 0 00:00:00, Sys 0 00:00:00  -  Run Local Usage
	0  -  Run Bytes Sent By Job
	0  -  Run Bytes Received By Job
	Partitionable Resources :    Usage  Request Allocated
	   Cpus                 :                 1         1
	   Disk (KB)            :        2        2    835241
	   Memory (MB)          :     7325     7325     12899
...
001 (92453798.000.000) 03/20 01:27:35 Job executing on host: <128.83.144.15:57611>
...
004 (92453826.000.000) 03/20 01:27:37 Job was evicted.
	(0) Job was not checkpointed.
		Usr 0 00:01:00, Sys 0 00:00:12  -  Run Remote Usage
		Usr 0 00:00:00, Sys 0 00:00:00  -  Run Local Usage
	0  -  Run Bytes Sent By Job
	0  -  Run Bytes Received By Job
	Partitionable Resources :    Usage  Request Allocated
	   Cpus                 :                 1         1
	   Disk (KB)            :        2        2    835240
	   Memory (MB)          :     7325     7325     12899
...
001 (92453826.000.000) 03/20 01:28:45 Job executing on host: <128.83.144.15:57611>
...
004 (92453798.000.000) 03/20 01:28:47 Job was evicted.
	(0) Job was not checkpointed.
		Usr 0 00:00:55, Sys 0 00:00:11  -  Run Remote Usage
		Usr 0 00:00:00, Sys 0 00:00:00  -  Run Local Usage
	0  -  Run Bytes Sent By Job
	0  -  Run Bytes Received By Job
	Partitionable Resources :    Usage  Request Allocated
	   Cpus                 :                 1         1
	   Disk (KB)            :        2        2    835242
	   Memory (MB)          :     7325     7325     12899
...
001 (92453798.000.000) 03/20 01:29:36 Job executing on host: <128.83.144.15:57611>
...
004 (92453826.000.000) 03/20 01:29:37 Job was evicted.
	(0) Job was not checkpointed.
		Usr 0 00:00:38, Sys 0 00:00:09  -  Run Remote Usage
		Usr 0 00:00:00, Sys 0 00:00:00  -  Run Local Usage
	0  -  Run Bytes Sent By Job
	0  -  Run Bytes Received By Job
	Partitionable Resources :    Usage  Request Allocated
	   Cpus                 :                 1         1
	   Disk (KB)            :        2        2    835241
	   Memory (MB)          :     7325     7325     12899
...
001 (92453826.000.000) 03/20 01:30:42 Job executing on host: <128.83.144.15:57611>
...
004 (92453798.000.000) 03/20 01:30:44 Job was evicted.
	(0) Job was not checkpointed.
		Usr 0 00:00:54, Sys 0 00:00:12  -  Run Remote Usage
		Usr 0 00:00:00, Sys 0 00:00:00  -  Run Local Usage
	0  -  Run Bytes Sent By Job
	0  -  Run Bytes Received By Job
	Partitionable Resources :    Usage  Request Allocated
	   Cpus                 :                 1         1
	   Disk (KB)            :        2        2    835242
	   Memory (MB)          :     7325     7325     12899
...
001 (92453798.000.000) 03/20 01:31:31 Job executing on host: <128.83.144.15:57611>
...
004 (92453826.000.000) 03/20 01:31:32 Job was evicted.
	(0) Job was not checkpointed.
		Usr 0 00:00:38, Sys 0 00:00:08  -  Run Remote Usage
		Usr 0 00:00:00, Sys 0 00:00:00  -  Run Local Usage
	0  -  Run Bytes Sent By Job
	0  -  Run Bytes Received By Job
	Partitionable Resources :    Usage  Request Allocated
	   Cpus                 :                 1         1
	   Disk (KB)            :        2        2    835242
	   Memory (MB)          :     7325     7325     12899
...
001 (92453826.000.000) 03/20 01:32:17 Job executing on host: <128.83.144.15:57611>
...
004 (92453798.000.000) 03/20 01:32:18 Job was evicted.
	(0) Job was not checkpointed.
		Usr 0 00:00:37, Sys 0 00:00:07  -  Run Remote Usage
		Usr 0 00:00:00, Sys 0 00:00:00  -  Run Local Usage
	0  -  Run Bytes Sent By Job
	0  -  Run Bytes Received By Job
	Partitionable Resources :    Usage  Request Allocated
	   Cpus                 :                 1         1
	   Disk (KB)            :        2        2    835242
	   Memory (MB)          :     7325     7325     12899
...
001 (92453798.000.000) 03/20 01:32:53 Job executing on host: <128.83.144.15:57611>
...
004 (92453826.000.000) 03/20 01:32:55 Job was evicted.
	(0) Job was not checkpointed.
		Usr 0 00:00:28, Sys 0 00:00:06  -  Run Remote Usage
		Usr 0 00:00:00, Sys 0 00:00:00  -  Run Local Usage
	0  -  Run Bytes Sent By Job
	0  -  Run Bytes Received By Job
	Partitionable Resources :    Usage  Request Allocated
	   Cpus                 :                 1         1
	   Disk (KB)            :        2        2    835242
	   Memory (MB)          :     7325     7325     12899
...
001 (92453826.000.000) 03/20 01:33:36 Job executing on host: <128.83.144.15:57611>
...
004 (92453798.000.000) 03/20 01:33:38 Job was evicted.
	(0) Job was not checkpointed.
		Usr 0 00:00:35, Sys 0 00:00:08  -  Run Remote Usage
		Usr 0 00:00:00, Sys 0 00:00:00  -  Run Local Usage
	0  -  Run Bytes Sent By Job
	0  -  Run Bytes Received By Job
	Partitionable Resources :    Usage  Request Allocated
	   Cpus                 :                 1         1
	   Disk (KB)            :        2        2    835242
	   Memory (MB)          :     7325     7325     12899
...
001 (92453798.000.000) 03/20 01:34:20 Job executing on host: <128.83.144.15:57611>
...
004 (92453826.000.000) 03/20 01:34:22 Job was evicted.
	(0) Job was not checkpointed.
		Usr 0 00:00:35, Sys 0 00:00:08  -  Run Remote Usage
		Usr 0 00:00:00, Sys 0 00:00:00  -  Run Local Usage
	0  -  Run Bytes Sent By Job
	0  -  Run Bytes Received By Job
	Partitionable Resources :    Usage  Request Allocated
	   Cpus                 :                 1         1
	   Disk (KB)            :        2        2    835242
	   Memory (MB)          :     7325     7325     12899
...
001 (92453826.000.000) 03/20 01:35:07 Job executing on host: <128.83.144.15:57611>
...
004 (92453798.000.000) 03/20 01:35:09 Job was evicted.
	(0) Job was not checkpointed.
		Usr 0 00:00:38, Sys 0 00:00:08  -  Run Remote Usage
		Usr 0 00:00:00, Sys 0 00:00:00  -  Run Local Usage
	0  -  Run Bytes Sent By Job
	0  -  Run Bytes Received By Job
	Partitionable Resources :    Usage  Request Allocated
	   Cpus                 :                 1         1
	   Disk (KB)            :        2        2    835241
	   Memory (MB)          :     7325     7325     12899
...
001 (92453798.000.000) 03/20 01:36:06 Job executing on host: <128.83.144.15:57611>
...
004 (92453826.000.000) 03/20 01:36:09 Job was evicted.
	(0) Job was not checkpointed.
		Usr 0 00:00:47, Sys 0 00:00:10  -  Run Remote Usage
		Usr 0 00:00:00, Sys 0 00:00:00  -  Run Local Usage
	0  -  Run Bytes Sent By Job
	0  -  Run Bytes Received By Job
	Partitionable Resources :    Usage  Request Allocated
	   Cpus                 :                 1         1
	   Disk (KB)            :        2        2    835242
	   Memory (MB)          :     7325     7325     12899
...
001 (92453826.000.000) 03/20 01:37:43 Job executing on host: <128.83.144.15:57611>
...
004 (92453798.000.000) 03/20 01:37:44 Job was evicted.
	(0) Job was not checkpointed.
		Usr 0 00:01:19, Sys 0 00:00:17  -  Run Remote Usage
		Usr 0 00:00:00, Sys 0 00:00:00  -  Run Local Usage
	0  -  Run Bytes Sent By Job
	0  -  Run Bytes Received By Job
	Partitionable Resources :    Usage  Request Allocated
	   Cpus                 :                 1         1
	   Disk (KB)            :        2        2    835242
	   Memory (MB)          :     7325     7325     12899
...
001 (92453798.000.000) 03/20 01:38:26 Job executing on host: <128.83.144.15:57611>
...
004 (92453826.000.000) 03/20 01:38:28 Job was evicted.
	(0) Job was not checkpointed.
		Usr 0 00:00:34, Sys 0 00:00:08  -  Run Remote Usage
		Usr 0 00:00:00, Sys 0 00:00:00  -  Run Local Usage
	0  -  Run Bytes Sent By Job
	0  -  Run Bytes Received By Job
	Partitionable Resources :    Usage  Request Allocated
	   Cpus                 :                 1         1
	   Disk (KB)            :        2        2    835242
	   Memory (MB)          :     7325     7325     12899
...
001 (92453826.000.000) 03/20 01:39:39 Job executing on host: <128.83.144.15:57611>
...
004 (92453798.000.000) 03/20 01:39:41 Job was evicted.
	(0) Job was not checkpointed.
		Usr 0 00:01:00, Sys 0 00:00:11  -  Run Remote Usage
		Usr 0 00:00:00, Sys 0 00:00:00  -  Run Local Usage
	0  -  Run Bytes Sent By Job
	0  -  Run Bytes Received By Job
	Partitionable Resources :    Usage  Request Allocated
	   Cpus                 :                 1         1
	   Disk (KB)            :        2        2    835242
	   Memory (MB)          :     7325     7325     12899
...
001 (92453798.000.000) 03/20 01:40:18 Job executing on host: <128.83.144.15:57611>
...
004 (92453826.000.000) 03/20 01:40:20 Job was evicted.
	(0) Job was not checkpointed.
		Usr 0 00:00:30, Sys 0 00:00:07  -  Run Remote Usage
		Usr 0 00:00:00, Sys 0 00:00:00  -  Run Local Usage
	0  -  Run Bytes Sent By Job
	0  -  Run Bytes Received By Job
	Partitionable Resources :    Usage  Request Allocated
	   Cpus                 :                 1         1
	   Disk (KB)            :        2        2    835242
	   Memory (MB)          :     7325     7325     12899
...
001 (92453826.000.000) 03/20 01:41:39 Job executing on host: <128.83.144.15:57611>
...
004 (92453798.000.000) 03/20 01:41:41 Job was evicted.
	(0) Job was not checkpointed.
		Usr 0 00:01:08, Sys 0 00:00:12  -  Run Remote Usage
		Usr 0 00:00:00, Sys 0 00:00:00  -  Run Local Usage
	0  -  Run Bytes Sent By Job
	0  -  Run Bytes Received By Job
	Partitionable Resources :    Usage  Request Allocated
	   Cpus                 :                 1         1
	   Disk (KB)            :        2        2    835242
	   Memory (MB)          :     7325     7325     12899
...
001 (92453798.000.000) 03/20 01:42:34 Job executing on host: <128.83.144.15:57611>
...
004 (92453826.000.000) 03/20 01:42:36 Job was evicted.
	(0) Job was not checkpointed.
		Usr 0 00:00:44, Sys 0 00:00:09  -  Run Remote Usage
		Usr 0 00:00:00, Sys 0 00:00:00  -  Run Local Usage
	0  -  Run Bytes Sent By Job
	0  -  Run Bytes Received By Job
	Partitionable Resources :    Usage  Request Allocated
	   Cpus                 :                 1         1
	   Disk (KB)            :        2        2    835242
	   Memory (MB)          :     7325     7325     12899
...
001 (92453826.000.000) 03/20 01:43:37 Job executing on host: <128.83.144.15:57611>
...
004 (92453798.000.000) 03/20 01:43:39 Job was evicted.
	(0) Job was not checkpointed.
		Usr 0 00:00:52, Sys 0 00:00:10  -  Run Remote Usage
		Usr 0 00:00:00, Sys 0 00:00:00  -  Run Local Usage
	0  -  Run Bytes Sent By Job
	0  -  Run Bytes Received By Job
	Partitionable Resources :    Usage  Request Allocated
	   Cpus                 :                 1         1
	   Disk (KB)            :        2        2    835241
	   Memory (MB)          :     7325     7325     12899
...
001 (92453798.000.000) 03/20 01:44:30 Job executing on host: <128.83.144.15:57611>
...
004 (92453826.000.000) 03/20 01:44:33 Job was evicted.
	(0) Job was not checkpointed.
		Usr 0 00:00:42, Sys 0 00:00:09  -  Run Remote Usage
		Usr 0 00:00:00, Sys 0 00:00:00  -  Run Local Usage
	0  -  Run Bytes Sent By Job
	0  -  Run Bytes Received By Job
	Partitionable Resources :    Usage  Request Allocated
	   Cpus                 :                 1         1
	   Disk (KB)            :        2        2    835241
	   Memory (MB)          :     7325     7325     12899
...
001 (92453826.000.000) 03/20 01:45:22 Job executing on host: <128.83.144.15:57611>
...
004 (92453798.000.000) 03/20 01:45:23 Job was evicted.
	(0) Job was not checkpointed.
		Usr 0 00:00:41, Sys 0 00:00:09  -  Run Remote Usage
		Usr 0 00:00:00, Sys 0 00:00:00  -  Run Local Usage
	0  -  Run Bytes Sent By Job
	0  -  Run Bytes Received By Job
	Partitionable Resources :    Usage  Request Allocated
	   Cpus                 :                 1         1
	   Disk (KB)            :        2        2    835242
	   Memory (MB)          :     7325     7325     12899
...
001 (92453798.000.000) 03/20 01:46:12 Job executing on host: <128.83.144.15:57611>
...
004 (92453826.000.000) 03/20 01:46:14 Job was evicted.
	(0) Job was not checkpointed.
		Usr 0 00:00:39, Sys 0 00:00:08  -  Run Remote Usage
		Usr 0 00:00:00, Sys 0 00:00:00  -  Run Local Usage
	0  -  Run Bytes Sent By Job
	0  -  Run Bytes Received By Job
	Partitionable Resources :    Usage  Request Allocated
	   Cpus                 :                 1         1
	   Disk (KB)            :        2        2    835242
	   Memory (MB)          :     7325     7325     12899
...
001 (92453826.000.000) 03/20 01:47:08 Job executing on host: <128.83.144.15:57611>
...
004 (92453798.000.000) 03/20 01:47:10 Job was evicted.
	(0) Job was not checkpointed.
		Usr 0 00:00:45, Sys 0 00:00:10  -  Run Remote Usage
		Usr 0 00:00:00, Sys 0 00:00:00  -  Run Local Usage
	0  -  Run Bytes Sent By Job
	0  -  Run Bytes Received By Job
	Partitionable Resources :    Usage  Request Allocated
	   Cpus                 :                 1         1
	   Disk (KB)            :        2        2    835242
	   Memory (MB)          :     7325     7325     12899
...
001 (92453798.000.000) 03/20 01:47:58 Job executing on host: <128.83.144.15:57611>
...
004 (92453826.000.000) 03/20 01:47:59 Job was evicted.
	(0) Job was not checkpointed.
		Usr 0 00:00:39, Sys 0 00:00:09  -  Run Remote Usage
		Usr 0 00:00:00, Sys 0 00:00:00  -  Run Local Usage
	0  -  Run Bytes Sent By Job
	0  -  Run Bytes Received By Job
	Partitionable Resources :    Usage  Request Allocated
	   Cpus                 :                 1         1
	   Disk (KB)            :        2        2    835242
	   Memory (MB)          :     7325     7325     12899
...
001 (92453826.000.000) 03/20 01:48:41 Job executing on host: <128.83.144.15:57611>
...
004 (92453798.000.000) 03/20 01:48:43 Job was evicted.
	(0) Job was not checkpointed.
		Usr 0 00:00:35, Sys 0 00:00:08  -  Run Remote Usage
		Usr 0 00:00:00, Sys 0 00:00:00  -  Run Local Usage
	0  -  Run Bytes Sent By Job
	0  -  Run Bytes Received By Job
	Partitionable Resources :    Usage  Request Allocated
	   Cpus                 :                 1         1
	   Disk (KB)            :        2        2    835242
	   Memory (MB)          :     7325     7325     12899
...
001 (92453798.000.000) 03/20 01:49:33 Job executing on host: <128.83.144.15:57611>
...
004 (92453826.000.000) 03/20 01:49:35 Job was evicted.
	(0) Job was not checkpointed.
		Usr 0 00:00:40, Sys 0 00:00:09  -  Run Remote Usage
		Usr 0 00:00:00, Sys 0 00:00:00  -  Run Local Usage
	0  -  Run Bytes Sent By Job
	0  -  Run Bytes Received By Job
	Partitionable Resources :    Usage  Request Allocated
	   Cpus                 :                 1         1
	   Disk (KB)            :        2        2    835242
	   Memory (MB)          :     7325     7325     12899
...
001 (92453826.000.000) 03/20 01:50:20 Job executing on host: <128.83.144.15:57611>
...
004 (92453798.000.000) 03/20 01:50:22 Job was evicted.
	(0) Job was not checkpointed.
		Usr 0 00:00:38, Sys 0 00:00:09  -  Run Remote Usage
		Usr 0 00:00:00, Sys 0 00:00:00  -  Run Local Usage
	0  -  Run Bytes Sent By Job
	0  -  Run Bytes Received By Job
	Partitionable Resources :    Usage  Request Allocated
	   Cpus                 :                 1         1
	   Disk (KB)            :        2        2    835242
	   Memory (MB)          :     7325     7325     12899
...
001 (92453798.000.000) 03/20 01:51:03 Job executing on host: <128.83.144.15:57611>
...
004 (92453826.000.000) 03/20 01:51:05 Job was evicted.
	(0) Job was not checkpointed.
		Usr 0 00:00:33, Sys 0 00:00:08  -  Run Remote Usage
		Usr 0 00:00:00, Sys 0 00:00:00  -  Run Local Usage
	0  -  Run Bytes Sent By Job
	0  -  Run Bytes Received By Job
	Partitionable Resources :    Usage  Request Allocated
	   Cpus                 :                 1         1
	   Disk (KB)            :        2        2    835242
	   Memory (MB)          :     7325     7325     12899
...
001 (92453826.000.000) 03/20 01:51:42 Job executing on host: <128.83.144.15:57611>
...
004 (92453798.000.000) 03/20 01:51:44 Job was evicted.
	(0) Job was not checkpointed.
		Usr 0 00:00:32, Sys 0 00:00:07  -  Run Remote Usage
		Usr 0 00:00:00, Sys 0 00:00:00  -  Run Local Usage
	0  -  Run Bytes Sent By Job
	0  -  Run Bytes Received By Job
	Partitionable Resources :    Usage  Request Allocated
	   Cpus                 :                 1         1
	   Disk (KB)            :        2        2    835242
	   Memory (MB)          :     7325     7325     12899
...
001 (92453798.000.000) 03/20 01:52:20 Job executing on host: <128.83.144.15:57611>
...
004 (92453826.000.000) 03/20 01:52:22 Job was evicted.
	(0) Job was not checkpointed.
		Usr 0 00:00:29, Sys 0 00:00:06  -  Run Remote Usage
		Usr 0 00:00:00, Sys 0 00:00:00  -  Run Local Usage
	0  -  Run Bytes Sent By Job
	0  -  Run Bytes Received By Job
	Partitionable Resources :    Usage  Request Allocated
	   Cpus                 :                 1         1
	   Disk (KB)            :        2        2    835242
	   Memory (MB)          :     7325     7325     12899
...
001 (92453826.000.000) 03/20 01:53:00 Job executing on host: <128.83.144.15:57611>
...
004 (92453798.000.000) 03/20 01:53:02 Job was evicted.
	(0) Job was not checkpointed.
		Usr 0 00:00:32, Sys 0 00:00:08  -  Run Remote Usage
		Usr 0 00:00:00, Sys 0 00:00:00  -  Run Local Usage
	0  -  Run Bytes Sent By Job
	0  -  Run Bytes Received By Job
	Partitionable Resources :    Usage  Request Allocated
	   Cpus                 :                 1         1
	   Disk (KB)            :        2        2    835242
	   Memory (MB)          :     7325     7325     12899
...
001 (92453798.000.000) 03/20 01:53:36 Job executing on host: <128.83.144.15:57611>
...
004 (92453826.000.000) 03/20 01:53:38 Job was evicted.
	(0) Job was not checkpointed.
		Usr 0 00:00:27, Sys 0 00:00:07  -  Run Remote Usage
		Usr 0 00:00:00, Sys 0 00:00:00  -  Run Local Usage
	0  -  Run Bytes Sent By Job
	0  -  Run Bytes Received By Job
	Partitionable Resources :    Usage  Request Allocated
	   Cpus                 :                 1         1
	   Disk (KB)            :        2        2    835242
	   Memory (MB)          :     7325     7325     12899
...
001 (92453826.000.000) 03/20 01:54:12 Job executing on host: <128.83.144.15:57611>
...
004 (92453798.000.000) 03/20 01:54:14 Job was evicted.
	(0) Job was not checkpointed.
		Usr 0 00:00:29, Sys 0 00:00:06  -  Run Remote Usage
		Usr 0 00:00:00, Sys 0 00:00:00  -  Run Local Usage
	0  -  Run Bytes Sent By Job
	0  -  Run Bytes Received By Job
	Partitionable Resources :    Usage  Request Allocated
	   Cpus                 :                 1         1
	   Disk (KB)            :        2        2    835242
	   Memory (MB)          :     7325     7325     12899
...
001 (92453798.000.000) 03/20 01:54:47 Job executing on host: <128.83.144.15:57611>
...
004 (92453826.000.000) 03/20 01:54:48 Job was evicted.
	(0) Job was not checkpointed.
		Usr 0 00:00:25, Sys 0 00:00:06  -  Run Remote Usage
		Usr 0 00:00:00, Sys 0 00:00:00  -  Run Local Usage
	0  -  Run Bytes Sent By Job
	0  -  Run Bytes Received By Job
	Partitionable Resources :    Usage  Request Allocated
	   Cpus                 :                 1         1
	   Disk (KB)            :        2        2    835242
	   Memory (MB)          :     7325     7325     12899
...
001 (92453826.000.000) 03/20 01:55:21 Job executing on host: <128.83.144.15:57611>
...
004 (92453798.000.000) 03/20 01:55:23 Job was evicted.
	(0) Job was not checkpointed.
		Usr 0 00:00:27, Sys 0 00:00:06  -  Run Remote Usage
		Usr 0 00:00:00, Sys 0 00:00:00  -  Run Local Usage
	0  -  Run Bytes Sent By Job
	0  -  Run Bytes Received By Job
	Partitionable Resources :    Usage  Request Allocated
	   Cpus                 :                 1         1
	   Disk (KB)            :        2        2    835242
	   Memory (MB)          :     7325     7325     12899
...
001 (92453798.000.000) 03/20 01:55:58 Job executing on host: <128.83.144.15:57611>
...
004 (92453826.000.000) 03/20 01:56:00 Job was evicted.
	(0) Job was not checkpointed.
		Usr 0 00:00:28, Sys 0 00:00:06  -  Run Remote Usage
		Usr 0 00:00:00, Sys 0 00:00:00  -  Run Local Usage
	0  -  Run Bytes Sent By Job
	0  -  Run Bytes Received By Job
	Partitionable Resources :    Usage  Request Allocated
	   Cpus                 :                 1         1
	   Disk (KB)            :        2        2    835241
	   Memory (MB)          :     7325     7325     12899
...
001 (92453826.000.000) 03/20 01:56:32 Job executing on host: <128.83.144.15:57611>
...
004 (92453798.000.000) 03/20 01:56:33 Job was evicted.
	(0) Job was not checkpointed.
		Usr 0 00:00:26, Sys 0 00:00:06  -  Run Remote Usage
		Usr 0 00:00:00, Sys 0 00:00:00  -  Run Local Usage
	0  -  Run Bytes Sent By Job
	0  -  Run Bytes Received By Job
	Partitionable Resources :    Usage  Request Allocated
	   Cpus                 :                 1         1
	   Disk (KB)            :        2        2    835241
	   Memory (MB)          :     7325     7325     12899
...
001 (92453798.000.000) 03/20 01:57:06 Job executing on host: <128.83.144.15:57611>
...
004 (92453826.000.000) 03/20 01:57:07 Job was evicted.
	(0) Job was not checkpointed.
		Usr 0 00:00:26, Sys 0 00:00:06  -  Run Remote Usage
		Usr 0 00:00:00, Sys 0 00:00:00  -  Run Local Usage
	0  -  Run Bytes Sent By Job
	0  -  Run Bytes Received By Job
	Partitionable Resources :    Usage  Request Allocated
	   Cpus                 :                 1         1
	   Disk (KB)            :        2        2    835242
	   Memory (MB)          :     7325     7325     12899
...
001 (92453826.000.000) 03/20 01:57:39 Job executing on host: <128.83.144.15:57611>
...
004 (92453826.000.000) 03/20 02:21:11 Job was evicted.
	(0) Job was not checkpointed.
		Usr 0 00:19:49, Sys 0 00:03:25  -  Run Remote Usage
		Usr 0 00:00:00, Sys 0 00:00:00  -  Run Local Usage
	0  -  Run Bytes Sent By Job
	0  -  Run Bytes Received By Job
	Partitionable Resources :    Usage  Request Allocated
	   Cpus                 :                 1         1
	   Disk (KB)            :        2        2    835242
	   Memory (MB)          :     7325     7325     12899
...
001 (92453826.000.000) 03/20 02:24:09 Job executing on host: <128.83.144.15:57611>
...
004 (92453826.000.000) 03/20 02:33:16 Job was evicted.
	(0) Job was not checkpointed.
		Usr 0 00:07:40, Sys 0 00:01:22  -  Run Remote Usage
		Usr 0 00:00:00, Sys 0 00:00:00  -  Run Local Usage
	0  -  Run Bytes Sent By Job
	0  -  Run Bytes Received By Job
	Partitionable Resources :    Usage  Request Allocated
	   Cpus                 :                 1         1
	   Disk (KB)            :        2        2    835242
	   Memory (MB)          :     7325     7325     12899
...
001 (92453826.000.000) 03/20 02:36:12 Job executing on host: <128.83.144.15:57611>
...
004 (92453798.000.000) 03/20 02:44:12 Job was evicted.
	(0) Job was not checkpointed.
		Usr 0 00:39:31, Sys 0 00:06:59  -  Run Remote Usage
		Usr 0 00:00:00, Sys 0 00:00:00  -  Run Local Usage
	0  -  Run Bytes Sent By Job
	0  -  Run Bytes Received By Job
	Partitionable Resources :    Usage  Request Allocated
	   Cpus                 :                 1         1
	   Disk (KB)            :        2        2    835242
	   Memory (MB)          :     7325     7325     12899
...
001 (92453798.000.000) 03/20 02:47:16 Job executing on host: <128.83.144.15:57611>
...
004 (92453826.000.000) 03/20 02:53:51 Job was evicted.
	(0) Job was not checkpointed.
		Usr 0 00:14:52, Sys 0 00:02:22  -  Run Remote Usage
		Usr 0 00:00:00, Sys 0 00:00:00  -  Run Local Usage
	0  -  Run Bytes Sent By Job
	0  -  Run Bytes Received By Job
	Partitionable Resources :    Usage  Request Allocated
	   Cpus                 :                 1         1
	   Disk (KB)            :        2        2    835236
	   Memory (MB)          :     7325     7325     12899
...
004 (92453798.000.000) 03/20 02:55:22 Job was evicted.
	(0) Job was not checkpointed.
		Usr 0 00:06:51, Sys 0 00:01:10  -  Run Remote Usage
		Usr 0 00:00:00, Sys 0 00:00:00  -  Run Local Usage
	0  -  Run Bytes Sent By Job
	0  -  Run Bytes Received By Job
	Partitionable Resources :    Usage  Request Allocated
	   Cpus                 :                 1         1
	   Disk (KB)            :        2        2    835235
	   Memory (MB)          :     7325     7325     12899
...
001 (92453826.000.000) 03/20 02:58:48 Job executing on host: <128.83.144.15:57611>
...
001 (92453798.000.000) 03/20 02:58:48 Job executing on host: <128.83.144.15:57611>
...
005 (92453826.000.000) 03/20 07:23:41 Job terminated.
	(1) Normal termination (return value 0)
		Usr 0 03:44:34, Sys 0 00:37:04  -  Run Remote Usage
		Usr 0 00:00:00, Sys 0 00:00:00  -  Run Local Usage
		Usr 0 03:44:34, Sys 0 00:37:04  -  Total Remote Usage
		Usr 0 00:00:00, Sys 0 00:00:00  -  Total Local Usage
	0  -  Run Bytes Sent By Job
	0  -  Run Bytes Received By Job
	0  -  Total Bytes Sent By Job
	0  -  Total Bytes Received By Job
	Partitionable Resources :    Usage  Request Allocated
	   Cpus                 :                 1         1
	   Disk (KB)            :        2        2    835236
	   Memory (MB)          :     7325     7325     12899
...
004 (92453798.000.000) 03/20 07:56:56 Job was evicted.
	(0) Job was not checkpointed.
		Usr 0 04:11:47, Sys 0 00:42:18  -  Run Remote Usage
		Usr 0 00:00:00, Sys 0 00:00:00  -  Run Local Usage
	0  -  Run Bytes Sent By Job
	0  -  Run Bytes Received By Job
	Partitionable Resources :    Usage  Request Allocated
	   Cpus                 :                 1         1
	   Disk (KB)            :        2        2    835237
	   Memory (MB)          :     7325     7325     12899
...
001 (92453798.000.000) 03/20 08:00:55 Job executing on host: <128.83.120.229:42954>
...
004 (92453798.000.000) 03/20 08:43:17 Job was evicted.
	(0) Job was not checkpointed.
		Usr 0 00:34:52, Sys 0 00:06:37  -  Run Remote Usage
		Usr 0 00:00:00, Sys 0 00:00:00  -  Run Local Usage
	0  -  Run Bytes Sent By Job
	0  -  Run Bytes Received By Job
	Partitionable Resources :    Usage  Request Allocated
	   Cpus                 :                 1         1
	   Disk (KB)            :        2        2    835227
	   Memory (MB)          :     7325     7325     12899
...
001 (92453798.000.000) 03/20 08:47:16 Job executing on host: <128.83.120.250:57813>
...
004 (92453798.000.000) 03/20 08:51:17 Job was evicted.
	(0) Job was not checkpointed.
		Usr 0 00:03:17, Sys 0 00:00:33  -  Run Remote Usage
		Usr 0 00:00:00, Sys 0 00:00:00  -  Run Local Usage
	0  -  Run Bytes Sent By Job
	0  -  Run Bytes Received By Job
	Partitionable Resources :    Usage  Request Allocated
	   Cpus                 :                 1         1
	   Disk (KB)            :        2        2    835463
	   Memory (MB)          :     7325     7325     12899
...
001 (92453798.000.000) 03/20 08:54:16 Job executing on host: <128.83.120.250:57813>
...
004 (92453798.000.000) 03/20 08:56:17 Job was evicted.
	(0) Job was not checkpointed.
		Usr 0 00:01:35, Sys 0 00:00:21  -  Run Remote Usage
		Usr 0 00:00:00, Sys 0 00:00:00  -  Run Local Usage
	0  -  Run Bytes Sent By Job
	0  -  Run Bytes Received By Job
	Partitionable Resources :    Usage  Request Allocated
	   Cpus                 :                 1         1
	   Disk (KB)            :        2        2    835463
	   Memory (MB)          :     7325     7325     12899
...
001 (92453798.000.000) 03/20 09:01:17 Job executing on host: <128.83.120.250:57813>
...
004 (92453798.000.000) 03/20 09:06:18 Job was evicted.
	(0) Job was not checkpointed.
		Usr 0 00:04:11, Sys 0 00:00:45  -  Run Remote Usage
		Usr 0 00:00:00, Sys 0 00:00:00  -  Run Local Usage
	0  -  Run Bytes Sent By Job
	0  -  Run Bytes Received By Job
	Partitionable Resources :    Usage  Request Allocated
	   Cpus                 :                 1         1
	   Disk (KB)            :        2        2    835463
	   Memory (MB)          :     7325     7325     12899
...
001 (92453798.000.000) 03/20 09:08:17 Job executing on host: <128.83.120.250:57813>
...
004 (92453798.000.000) 03/20 09:10:19 Job was evicted.
	(0) Job was not checkpointed.
		Usr 0 00:01:37, Sys 0 00:00:21  -  Run Remote Usage
		Usr 0 00:00:00, Sys 0 00:00:00  -  Run Local Usage
	0  -  Run Bytes Sent By Job
	0  -  Run Bytes Received By Job
	Partitionable Resources :    Usage  Request Allocated
	   Cpus                 :                 1         1
	   Disk (KB)            :        2        2    835462
	   Memory (MB)          :     7325     7325     12899
...
001 (92453798.000.000) 03/20 09:14:50 Job executing on host: <128.83.120.250:57813>
...
004 (92453798.000.000) 03/20 09:16:51 Job was evicted.
	(0) Job was not checkpointed.
		Usr 0 00:01:38, Sys 0 00:00:19  -  Run Remote Usage
		Usr 0 00:00:00, Sys 0 00:00:00  -  Run Local Usage
	0  -  Run Bytes Sent By Job
	0  -  Run Bytes Received By Job
	Partitionable Resources :    Usage  Request Allocated
	   Cpus                 :                 1         1
	   Disk (KB)            :        2        2    835461
	   Memory (MB)          :     7325     7325     12899
...
001 (92453798.000.000) 03/20 09:21:56 Job executing on host: <128.83.120.250:57813>
...
004 (92453798.000.000) 03/20 09:26:29 Job was evicted.
	(0) Job was not checkpointed.
		Usr 0 00:03:51, Sys 0 00:00:38  -  Run Remote Usage
		Usr 0 00:00:00, Sys 0 00:00:00  -  Run Local Usage
	0  -  Run Bytes Sent By Job
	0  -  Run Bytes Received By Job
	Partitionable Resources :    Usage  Request Allocated
	   Cpus                 :                 1         1
	   Disk (KB)            :        2        2    835461
	   Memory (MB)          :     7325     7325     12899
...
001 (92453798.000.000) 03/20 09:29:00 Job executing on host: <128.83.120.250:57813>
...
004 (92453798.000.000) 03/20 09:34:33 Job was evicted.
	(0) Job was not checkpointed.
		Usr 0 00:04:36, Sys 0 00:00:52  -  Run Remote Usage
		Usr 0 00:00:00, Sys 0 00:00:00  -  Run Local Usage
	0  -  Run Bytes Sent By Job
	0  -  Run Bytes Received By Job
	Partitionable Resources :    Usage  Request Allocated
	   Cpus                 :                 1         1
	   Disk (KB)            :        2        2    835461
	   Memory (MB)          :     7325     7325     12899
...
001 (92453798.000.000) 03/20 09:35:07 Job executing on host: <128.83.120.250:57813>
...
010 (92453798.000.000) 03/20 09:42:07 Job was suspended.
	Number of processes actually suspended: 2
...
011 (92453798.000.000) 03/20 09:44:06 Job was unsuspended.
...
004 (92453798.000.000) 03/20 09:49:14 Job was evicted.
	(0) Job was not checkpointed.
		Usr 0 00:10:25, Sys 0 00:01:38  -  Run Remote Usage
		Usr 0 00:00:00, Sys 0 00:00:00  -  Run Local Usage
	0  -  Run Bytes Sent By Job
	0  -  Run Bytes Received By Job
	Partitionable Resources :    Usage  Request Allocated
	   Cpus                 :                 1         1
	   Disk (KB)            :        2        2    835460
	   Memory (MB)          :     7325     7325     12899
...
001 (92453798.000.000) 03/20 09:52:11 Job executing on host: <128.83.120.229:42954>
...
004 (92453798.000.000) 03/20 10:03:44 Job was evicted.
	(0) Job was not checkpointed.
		Usr 0 00:09:35, Sys 0 00:01:48  -  Run Remote Usage
		Usr 0 00:00:00, Sys 0 00:00:00  -  Run Local Usage
	0  -  Run Bytes Sent By Job
	0  -  Run Bytes Received By Job
	Partitionable Resources :    Usage  Request Allocated
	   Cpus                 :                 1         1
	   Disk (KB)            :        2        2    835229
	   Memory (MB)          :     7325     7325     12899
...
001 (92453798.000.000) 03/20 10:09:14 Job executing on host: <128.83.120.250:57813>
...
004 (92453798.000.000) 03/20 10:11:46 Job was evicted.
	(0) Job was not checkpointed.
		Usr 0 00:02:06, Sys 0 00:00:19  -  Run Remote Usage
		Usr 0 00:00:00, Sys 0 00:00:00  -  Run Local Usage
	0  -  Run Bytes Sent By Job
	0  -  Run Bytes Received By Job
	Partitionable Resources :    Usage  Request Allocated
	   Cpus                 :                 1         1
	   Disk (KB)            :        2        2    835460
	   Memory (MB)          :     7325     7325     12899
...
001 (92453798.000.000) 03/20 10:15:16 Job executing on host: <128.83.120.229:42954>
...
004 (92453798.000.000) 03/20 10:27:03 Job was evicted.
	(0) Job was not checkpointed.
		Usr 0 00:09:54, Sys 0 00:01:46  -  Run Remote Usage
		Usr 0 00:00:00, Sys 0 00:00:00  -  Run Local Usage
	0  -  Run Bytes Sent By Job
	0  -  Run Bytes Received By Job
	Partitionable Resources :    Usage  Request Allocated
	   Cpus                 :                 1         1
	   Disk (KB)            :        2        2    835229
	   Memory (MB)          :     7325     7325     12899
...
001 (92453798.000.000) 03/20 10:32:04 Job executing on host: <128.83.120.229:42954>
...
004 (92453798.000.000) 03/20 10:34:40 Job was evicted.
	(0) Job was not checkpointed.
		Usr 0 00:02:08, Sys 0 00:00:24  -  Run Remote Usage
		Usr 0 00:00:00, Sys 0 00:00:00  -  Run Local Usage
	0  -  Run Bytes Sent By Job
	0  -  Run Bytes Received By Job
	Partitionable Resources :    Usage  Request Allocated
	   Cpus                 :                 1         1
	   Disk (KB)            :        2        2    835228
	   Memory (MB)          :     7325     7325     12899
...
001 (92453798.000.000) 03/20 10:39:09 Job executing on host: <128.83.120.229:42954>
...
004 (92453798.000.000) 03/20 10:42:41 Job was evicted.
	(0) Job was not checkpointed.
		Usr 0 00:02:58, Sys 0 00:00:30  -  Run Remote Usage
		Usr 0 00:00:00, Sys 0 00:00:00  -  Run Local Usage
	0  -  Run Bytes Sent By Job
	0  -  Run Bytes Received By Job
	Partitionable Resources :    Usage  Request Allocated
	   Cpus                 :                 1         1
	   Disk (KB)            :        2        2    835224
	   Memory (MB)          :     7325     7325     12899
...
